[debug] [2023-03-26T19:08:49.200Z] ----------------------------------------------------------------------
[debug] [2023-03-26T19:08:49.201Z] Command:       /usr/local/bin/node /usr/local/bin/firebase serve --only functions --debug
[debug] [2023-03-26T19:08:49.202Z] CLI Version:   11.25.1
[debug] [2023-03-26T19:08:49.202Z] Platform:      darwin
[debug] [2023-03-26T19:08:49.202Z] Node Version:  v16.19.1
[debug] [2023-03-26T19:08:49.205Z] Time:          Sun Mar 26 2023 22:08:49 GMT+0300 (East Africa Time)
[debug] [2023-03-26T19:08:49.205Z] ----------------------------------------------------------------------
[debug] 
[debug] [2023-03-26T19:08:49.257Z] > command requires scopes: ["email","openid","https://www.googleapis.com/auth/cloudplatformprojects.readonly","https://www.googleapis.com/auth/firebase","https://www.googleapis.com/auth/cloud-platform"]
[debug] [2023-03-26T19:08:49.258Z] > authorizing via signed-in user (ladeadolce@gmail.com)
[debug] [2023-03-26T19:08:49.258Z] [iam] checking project hotserve-ca8ff for permissions ["firebase.projects.get"]
[debug] [2023-03-26T19:08:49.260Z] >>> [apiv2][query] POST https://cloudresourcemanager.googleapis.com/v1/projects/hotserve-ca8ff:testIamPermissions [none]
[debug] [2023-03-26T19:08:49.260Z] >>> [apiv2][(partial)header] POST https://cloudresourcemanager.googleapis.com/v1/projects/hotserve-ca8ff:testIamPermissions x-goog-quota-user=projects/hotserve-ca8ff
[debug] [2023-03-26T19:08:49.260Z] >>> [apiv2][body] POST https://cloudresourcemanager.googleapis.com/v1/projects/hotserve-ca8ff:testIamPermissions {"permissions":["firebase.projects.get"]}
[debug] [2023-03-26T19:08:51.163Z] <<< [apiv2][status] POST https://cloudresourcemanager.googleapis.com/v1/projects/hotserve-ca8ff:testIamPermissions 200
[debug] [2023-03-26T19:08:51.165Z] <<< [apiv2][body] POST https://cloudresourcemanager.googleapis.com/v1/projects/hotserve-ca8ff:testIamPermissions {"permissions":["firebase.projects.get"]}
[debug] [2023-03-26T19:08:51.167Z] >>> [apiv2][query] GET https://firebase.googleapis.com/v1beta1/projects/hotserve-ca8ff [none]
[debug] [2023-03-26T19:08:51.968Z] <<< [apiv2][status] GET https://firebase.googleapis.com/v1beta1/projects/hotserve-ca8ff 200
[debug] [2023-03-26T19:08:51.969Z] <<< [apiv2][body] GET https://firebase.googleapis.com/v1beta1/projects/hotserve-ca8ff {"projectId":"hotserve-ca8ff","projectNumber":"319724132147","displayName":"hotserve","name":"projects/hotserve-ca8ff","resources":{"hostingSite":"hotserve-ca8ff","realtimeDatabaseInstance":"hotserve-ca8ff-default-rtdb"},"state":"ACTIVE","etag":"1_72e1d515-b102-4500-a17f-dd2c217ca9a9"}
[debug] [2023-03-26T19:08:51.973Z] defaultcredentials: writing to file /Users/jumbamacbook/.config/firebase/ladeadolce_gmail_com_application_default_credentials.json
[debug] [2023-03-26T19:08:51.975Z] Setting GAC to /Users/jumbamacbook/.config/firebase/ladeadolce_gmail_com_application_default_credentials.json {"metadata":{"emulator":{"name":"functions"},"message":"Setting GAC to /Users/jumbamacbook/.config/firebase/ladeadolce_gmail_com_application_default_credentials.json"}}
[debug] [2023-03-26T19:08:51.976Z] >>> [apiv2][query] GET https://firebase.googleapis.com/v1beta1/projects/hotserve-ca8ff/adminSdkConfig [none]
[debug] [2023-03-26T19:08:52.682Z] <<< [apiv2][status] GET https://firebase.googleapis.com/v1beta1/projects/hotserve-ca8ff/adminSdkConfig 200
[debug] [2023-03-26T19:08:52.683Z] <<< [apiv2][body] GET https://firebase.googleapis.com/v1beta1/projects/hotserve-ca8ff/adminSdkConfig {"projectId":"hotserve-ca8ff","databaseURL":"https://hotserve-ca8ff-default-rtdb.firebaseio.com","storageBucket":"hotserve-ca8ff.appspot.com"}
[info] i  functions: Watching "/Users/jumbamacbook/Documents/hotserve/functions" for Cloud Functions... {"metadata":{"emulator":{"name":"functions"},"message":"Watching \"/Users/jumbamacbook/Documents/hotserve/functions\" for Cloud Functions..."}}
[debug] [2023-03-26T19:08:52.717Z] Validating nodejs source
[debug] [2023-03-26T19:08:53.375Z] > [functions] package.json contents: {
  "name": "functions",
  "description": "Cloud Functions for Firebase",
  "scripts": {
    "lint": "eslint .",
    "serve": "firebase emulators:start --only functions",
    "shell": "firebase functions:shell",
    "start": "npm run shell",
    "deploy": "firebase deploy --only functions",
    "logs": "firebase functions:log"
  },
  "engines": {
    "node": "16"
  },
  "main": "index.js",
  "dependencies": {
    "firebase-admin": "^11.5.0",
    "firebase-functions": "^4.2.0"
  },
  "devDependencies": {
    "eslint": "^8.15.0",
    "eslint-config-google": "^0.14.0",
    "firebase-functions-test": "^3.0.0"
  },
  "private": true
}
[debug] [2023-03-26T19:08:53.375Z] Building nodejs source
[debug] [2023-03-26T19:08:53.376Z] Failed to find version of module node: reached end of search path /Users/jumbamacbook/Documents/hotserve/functions/node_modules
[info] ✔  functions: Using node@16 from host. 
[debug] [2023-03-26T19:08:53.378Z] Could not find functions.yaml. Must use http discovery
[debug] [2023-03-26T19:08:53.384Z] Found firebase-functions binary at '/Users/jumbamacbook/Documents/hotserve/node_modules/.bin/firebase-functions'
[debug] [2023-03-26T19:08:53.529Z] Serving at port 8801

[debug] [2023-03-26T19:08:53.720Z] Got response from /__/functions.yaml {"endpoints":{"touch":{"platform":"gcfv1","availableMemoryMb":null,"timeoutSeconds":null,"minInstances":null,"maxInstances":null,"ingressSettings":null,"serviceAccountEmail":null,"vpc":null,"eventTrigger":{"eventType":"providers/google.firebase.database/eventTypes/ref.write","eventFilters":{"resource":"projects/_/instances/hotserve-ca8ff-default-rtdb/refs/Temp"},"retry":false},"labels":{},"entryPoint":"touch"}},"specVersion":"v1alpha1","requiredAPIs":[]}
[debug] [2023-03-26T19:08:53.725Z] shutdown requested via /__/quitquitquit

[info] ✔  functions: Loaded functions definitions from source: touch. {"metadata":{"emulator":{"name":"functions"},"message":"Loaded functions definitions from source: touch."}}
[info] i  functions[us-central1-touch]: function ignored because the database emulator does not exist or is not running. {"metadata":{"emulator":{"name":"functions"},"message":"function ignored because the database emulator does not exist or is not running."}}
[info] Shutting down...
[debug] [2023-03-26T19:09:55.547Z] ----------------------------------------------------------------------
[debug] [2023-03-26T19:09:55.548Z] Command:       /usr/local/bin/node /usr/local/bin/firebase deploy --only functions --debug
[debug] [2023-03-26T19:09:55.548Z] CLI Version:   11.25.1
[debug] [2023-03-26T19:09:55.548Z] Platform:      darwin
[debug] [2023-03-26T19:09:55.549Z] Node Version:  v16.19.1
[debug] [2023-03-26T19:09:55.549Z] Time:          Sun Mar 26 2023 22:09:55 GMT+0300 (East Africa Time)
[debug] [2023-03-26T19:09:55.550Z] ----------------------------------------------------------------------
[debug] 
[debug] [2023-03-26T19:09:55.601Z] > command requires scopes: ["email","openid","https://www.googleapis.com/auth/cloudplatformprojects.readonly","https://www.googleapis.com/auth/firebase","https://www.googleapis.com/auth/cloud-platform"]
[debug] [2023-03-26T19:09:55.602Z] > authorizing via signed-in user (ladeadolce@gmail.com)
[debug] [2023-03-26T19:09:55.602Z] [iam] checking project hotserve-ca8ff for permissions ["cloudfunctions.functions.create","cloudfunctions.functions.delete","cloudfunctions.functions.get","cloudfunctions.functions.list","cloudfunctions.functions.update","cloudfunctions.operations.get","firebase.projects.get"]
[debug] [2023-03-26T19:09:55.604Z] >>> [apiv2][query] POST https://cloudresourcemanager.googleapis.com/v1/projects/hotserve-ca8ff:testIamPermissions [none]
[debug] [2023-03-26T19:09:55.604Z] >>> [apiv2][(partial)header] POST https://cloudresourcemanager.googleapis.com/v1/projects/hotserve-ca8ff:testIamPermissions x-goog-quota-user=projects/hotserve-ca8ff
[debug] [2023-03-26T19:09:55.604Z] >>> [apiv2][body] POST https://cloudresourcemanager.googleapis.com/v1/projects/hotserve-ca8ff:testIamPermissions {"permissions":["cloudfunctions.functions.create","cloudfunctions.functions.delete","cloudfunctions.functions.get","cloudfunctions.functions.list","cloudfunctions.functions.update","cloudfunctions.operations.get","firebase.projects.get"]}
[debug] [2023-03-26T19:09:57.232Z] <<< [apiv2][status] POST https://cloudresourcemanager.googleapis.com/v1/projects/hotserve-ca8ff:testIamPermissions 200
[debug] [2023-03-26T19:09:57.233Z] <<< [apiv2][body] POST https://cloudresourcemanager.googleapis.com/v1/projects/hotserve-ca8ff:testIamPermissions {"permissions":["cloudfunctions.functions.create","cloudfunctions.functions.delete","cloudfunctions.functions.get","cloudfunctions.functions.list","cloudfunctions.functions.update","cloudfunctions.operations.get","firebase.projects.get"]}
[debug] [2023-03-26T19:09:57.234Z] >>> [apiv2][query] POST https://iam.googleapis.com/v1/projects/hotserve-ca8ff/serviceAccounts/hotserve-ca8ff@appspot.gserviceaccount.com:testIamPermissions [none]
[debug] [2023-03-26T19:09:57.234Z] >>> [apiv2][body] POST https://iam.googleapis.com/v1/projects/hotserve-ca8ff/serviceAccounts/hotserve-ca8ff@appspot.gserviceaccount.com:testIamPermissions {"permissions":["iam.serviceAccounts.actAs"]}
[debug] [2023-03-26T19:09:58.938Z] <<< [apiv2][status] POST https://iam.googleapis.com/v1/projects/hotserve-ca8ff/serviceAccounts/hotserve-ca8ff@appspot.gserviceaccount.com:testIamPermissions 200
[debug] [2023-03-26T19:09:58.939Z] <<< [apiv2][body] POST https://iam.googleapis.com/v1/projects/hotserve-ca8ff/serviceAccounts/hotserve-ca8ff@appspot.gserviceaccount.com:testIamPermissions {"permissions":["iam.serviceAccounts.actAs"]}
[info] 
[info] === Deploying to 'hotserve-ca8ff'...
[info] 
[info] i  deploying functions 
[info] Running command: npm --prefix "$RESOURCE_DIR" run lint
[info] ✔  functions: Finished running predeploy script. 
[debug] [2023-03-26T19:10:00.113Z] >>> [apiv2][query] GET https://firebase.googleapis.com/v1beta1/projects/hotserve-ca8ff [none]
[debug] [2023-03-26T19:10:00.885Z] <<< [apiv2][status] GET https://firebase.googleapis.com/v1beta1/projects/hotserve-ca8ff 200
[debug] [2023-03-26T19:10:00.885Z] <<< [apiv2][body] GET https://firebase.googleapis.com/v1beta1/projects/hotserve-ca8ff {"projectId":"hotserve-ca8ff","projectNumber":"319724132147","displayName":"hotserve","name":"projects/hotserve-ca8ff","resources":{"hostingSite":"hotserve-ca8ff","realtimeDatabaseInstance":"hotserve-ca8ff-default-rtdb"},"state":"ACTIVE","etag":"1_72e1d515-b102-4500-a17f-dd2c217ca9a9"}
[info] i  functions: preparing codebase default for deployment 
[info] i  functions: ensuring required API cloudfunctions.googleapis.com is enabled... 
[info] i  functions: ensuring required API cloudbuild.googleapis.com is enabled... 
[info] i  artifactregistry: ensuring required API artifactregistry.googleapis.com is enabled... 
[debug] [2023-03-26T19:10:00.889Z] >>> [apiv2][query] GET https://serviceusage.googleapis.com/v1/projects/hotserve-ca8ff/services/cloudfunctions.googleapis.com [none]
[debug] [2023-03-26T19:10:00.889Z] >>> [apiv2][(partial)header] GET https://serviceusage.googleapis.com/v1/projects/hotserve-ca8ff/services/cloudfunctions.googleapis.com x-goog-quota-user=projects/hotserve-ca8ff
[debug] [2023-03-26T19:10:00.891Z] >>> [apiv2][query] GET https://serviceusage.googleapis.com/v1/projects/hotserve-ca8ff/services/runtimeconfig.googleapis.com [none]
[debug] [2023-03-26T19:10:00.891Z] >>> [apiv2][(partial)header] GET https://serviceusage.googleapis.com/v1/projects/hotserve-ca8ff/services/runtimeconfig.googleapis.com x-goog-quota-user=projects/hotserve-ca8ff
[debug] [2023-03-26T19:10:00.892Z] >>> [apiv2][query] GET https://serviceusage.googleapis.com/v1/projects/hotserve-ca8ff/services/cloudbuild.googleapis.com [none]
[debug] [2023-03-26T19:10:00.892Z] >>> [apiv2][(partial)header] GET https://serviceusage.googleapis.com/v1/projects/hotserve-ca8ff/services/cloudbuild.googleapis.com x-goog-quota-user=projects/hotserve-ca8ff
[debug] [2023-03-26T19:10:00.893Z] >>> [apiv2][query] GET https://serviceusage.googleapis.com/v1/projects/hotserve-ca8ff/services/artifactregistry.googleapis.com [none]
[debug] [2023-03-26T19:10:00.893Z] >>> [apiv2][(partial)header] GET https://serviceusage.googleapis.com/v1/projects/hotserve-ca8ff/services/artifactregistry.googleapis.com x-goog-quota-user=projects/hotserve-ca8ff
[debug] [2023-03-26T19:10:02.831Z] <<< [apiv2][status] GET https://serviceusage.googleapis.com/v1/projects/hotserve-ca8ff/services/artifactregistry.googleapis.com 200
[debug] [2023-03-26T19:10:02.831Z] <<< [apiv2][body] GET https://serviceusage.googleapis.com/v1/projects/hotserve-ca8ff/services/artifactregistry.googleapis.com [omitted]
[info] ✔  artifactregistry: required API artifactregistry.googleapis.com is enabled 
[debug] [2023-03-26T19:10:02.834Z] <<< [apiv2][status] GET https://serviceusage.googleapis.com/v1/projects/hotserve-ca8ff/services/cloudfunctions.googleapis.com 200
[debug] [2023-03-26T19:10:02.834Z] <<< [apiv2][body] GET https://serviceusage.googleapis.com/v1/projects/hotserve-ca8ff/services/cloudfunctions.googleapis.com [omitted]
[info] ✔  functions: required API cloudfunctions.googleapis.com is enabled 
[debug] [2023-03-26T19:10:02.962Z] <<< [apiv2][status] GET https://serviceusage.googleapis.com/v1/projects/hotserve-ca8ff/services/runtimeconfig.googleapis.com 200
[debug] [2023-03-26T19:10:02.962Z] <<< [apiv2][body] GET https://serviceusage.googleapis.com/v1/projects/hotserve-ca8ff/services/runtimeconfig.googleapis.com [omitted]
[debug] [2023-03-26T19:10:03.006Z] <<< [apiv2][status] GET https://serviceusage.googleapis.com/v1/projects/hotserve-ca8ff/services/cloudbuild.googleapis.com 200
[debug] [2023-03-26T19:10:03.006Z] <<< [apiv2][body] GET https://serviceusage.googleapis.com/v1/projects/hotserve-ca8ff/services/cloudbuild.googleapis.com [omitted]
[info] ✔  functions: required API cloudbuild.googleapis.com is enabled 
[debug] [2023-03-26T19:10:03.006Z] >>> [apiv2][query] GET https://firebase.googleapis.com/v1beta1/projects/hotserve-ca8ff/adminSdkConfig [none]
[debug] [2023-03-26T19:10:03.644Z] <<< [apiv2][status] GET https://firebase.googleapis.com/v1beta1/projects/hotserve-ca8ff/adminSdkConfig 200
[debug] [2023-03-26T19:10:03.644Z] <<< [apiv2][body] GET https://firebase.googleapis.com/v1beta1/projects/hotserve-ca8ff/adminSdkConfig {"projectId":"hotserve-ca8ff","databaseURL":"https://hotserve-ca8ff-default-rtdb.firebaseio.com","storageBucket":"hotserve-ca8ff.appspot.com"}
[debug] [2023-03-26T19:10:03.645Z] >>> [apiv2][query] GET https://runtimeconfig.googleapis.com/v1beta1/projects/hotserve-ca8ff/configs [none]
[debug] [2023-03-26T19:10:04.150Z] <<< [apiv2][status] GET https://runtimeconfig.googleapis.com/v1beta1/projects/hotserve-ca8ff/configs 200
[debug] [2023-03-26T19:10:04.151Z] <<< [apiv2][body] GET https://runtimeconfig.googleapis.com/v1beta1/projects/hotserve-ca8ff/configs {}
[debug] [2023-03-26T19:10:04.153Z] Validating nodejs source
[debug] [2023-03-26T19:10:04.825Z] > [functions] package.json contents: {
  "name": "functions",
  "description": "Cloud Functions for Firebase",
  "scripts": {
    "lint": "eslint .",
    "serve": "firebase emulators:start --only functions",
    "shell": "firebase functions:shell",
    "start": "npm run shell",
    "deploy": "firebase deploy --only functions",
    "logs": "firebase functions:log"
  },
  "engines": {
    "node": "16"
  },
  "main": "index.js",
  "dependencies": {
    "firebase-admin": "^11.5.0",
    "firebase-functions": "^4.2.0"
  },
  "devDependencies": {
    "eslint": "^8.15.0",
    "eslint-config-google": "^0.14.0",
    "firebase-functions-test": "^3.0.0"
  },
  "private": true
}
[debug] [2023-03-26T19:10:04.825Z] Building nodejs source
[debug] [2023-03-26T19:10:04.828Z] Could not find functions.yaml. Must use http discovery
[debug] [2023-03-26T19:10:04.835Z] Found firebase-functions binary at '/Users/jumbamacbook/Documents/hotserve/node_modules/.bin/firebase-functions'
[debug] [2023-03-26T19:10:04.963Z] Serving at port 8052

[debug] [2023-03-26T19:10:05.118Z] Got response from /__/functions.yaml {"endpoints":{"touch":{"platform":"gcfv1","availableMemoryMb":null,"timeoutSeconds":null,"minInstances":null,"maxInstances":null,"ingressSettings":null,"serviceAccountEmail":null,"vpc":null,"eventTrigger":{"eventType":"providers/google.firebase.database/eventTypes/ref.write","eventFilters":{"resource":"projects/_/instances/hotserve-ca8ff-default-rtdb/refs/Temp"},"retry":false},"labels":{},"entryPoint":"touch"}},"specVersion":"v1alpha1","requiredAPIs":[]}
[debug] [2023-03-26T19:10:05.124Z] shutdown requested via /__/quitquitquit

[info] i  functions: preparing functions directory for uploading... 
[info] i  functions: packaged /Users/jumbamacbook/Documents/hotserve/functions (1.75 KB) for uploading 
[debug] [2023-03-26T19:10:05.150Z] >>> [apiv2][query] GET https://cloudfunctions.googleapis.com/v1/projects/hotserve-ca8ff/locations/-/functions [none]
[debug] [2023-03-26T19:10:06.003Z] <<< [apiv2][status] GET https://cloudfunctions.googleapis.com/v1/projects/hotserve-ca8ff/locations/-/functions 200
[debug] [2023-03-26T19:10:06.003Z] <<< [apiv2][body] GET https://cloudfunctions.googleapis.com/v1/projects/hotserve-ca8ff/locations/-/functions {"functions":[{"name":"projects/hotserve-ca8ff/locations/us-central1/functions/touch","eventTrigger":{"eventType":"providers/google.firebase.database/eventTypes/ref.write","resource":"projects/_/instances/hotserve-ca8ff-default-rtdb/refs/Temp","service":"firebaseio.com","failurePolicy":{}},"status":"ACTIVE","entryPoint":"touch","timeout":"60s","availableMemoryMb":256,"serviceAccountEmail":"hotserve-ca8ff@appspot.gserviceaccount.com","updateTime":"2023-03-26T18:40:01.878Z","versionId":"17","labels":{"deployment-tool":"cli-firebase","firebase-functions-hash":"77935a08c685f62d69a7de83c24e3e851a545a4d"},"sourceUploadUrl":"https://storage.googleapis.com/uploads-424752669277.us-central1.cloudfunctions.appspot.com/f8ddbd18-41cb-47fd-aaf6-a168b5e208e5.zip","environmentVariables":{"FIREBASE_CONFIG":"{\"projectId\":\"hotserve-ca8ff\",\"databaseURL\":\"https://hotserve-ca8ff-default-rtdb.firebaseio.com\",\"storageBucket\":\"hotserve-ca8ff.appspot.com\"}","GCLOUD_PROJECT":"hotserve-ca8ff","EVENTARC_CLOUD_EVENT_SOURCE":"projects/hotserve-ca8ff/locations/us-central1/functions/touch"},"runtime":"nodejs16","maxInstances":3000,"ingressSettings":"ALLOW_ALL","buildId":"ad071f24-a0f9-4ec3-8d6d-e26ea445cb09","buildName":"projects/319724132147/locations/us-central1/builds/ad071f24-a0f9-4ec3-8d6d-e26ea445cb09","dockerRegistry":"ARTIFACT_REGISTRY"}]}
[debug] [2023-03-26T19:10:06.006Z] >>> [apiv2][query] GET https://cloudfunctions.googleapis.com/v2/projects/hotserve-ca8ff/locations/-/functions filter=environment%3D%22GEN_2%22
[debug] [2023-03-26T19:10:07.332Z] <<< [apiv2][status] GET https://cloudfunctions.googleapis.com/v2/projects/hotserve-ca8ff/locations/-/functions 200
[debug] [2023-03-26T19:10:07.332Z] <<< [apiv2][body] GET https://cloudfunctions.googleapis.com/v2/projects/hotserve-ca8ff/locations/-/functions {}
[debug] [2023-03-26T19:10:07.339Z] >>> [apiv2][query] GET https://firebase.googleapis.com/v1beta1/projects/hotserve-ca8ff [none]
[debug] [2023-03-26T19:10:07.946Z] <<< [apiv2][status] GET https://firebase.googleapis.com/v1beta1/projects/hotserve-ca8ff 200
[debug] [2023-03-26T19:10:07.947Z] <<< [apiv2][body] GET https://firebase.googleapis.com/v1beta1/projects/hotserve-ca8ff {"projectId":"hotserve-ca8ff","projectNumber":"319724132147","displayName":"hotserve","name":"projects/hotserve-ca8ff","resources":{"hostingSite":"hotserve-ca8ff","realtimeDatabaseInstance":"hotserve-ca8ff-default-rtdb"},"state":"ACTIVE","etag":"1_72e1d515-b102-4500-a17f-dd2c217ca9a9"}
[debug] [2023-03-26T19:10:07.950Z] >>> [apiv2][query] POST https://cloudfunctions.googleapis.com/v1/projects/hotserve-ca8ff/locations/us-central1/functions:generateUploadUrl [none]
[debug] [2023-03-26T19:10:07.950Z] >>> [apiv2][body] POST https://cloudfunctions.googleapis.com/v1/projects/hotserve-ca8ff/locations/us-central1/functions:generateUploadUrl {}
[debug] [2023-03-26T19:10:08.869Z] <<< [apiv2][status] POST https://cloudfunctions.googleapis.com/v1/projects/hotserve-ca8ff/locations/us-central1/functions:generateUploadUrl 200
[debug] [2023-03-26T19:10:08.869Z] <<< [apiv2][body] POST https://cloudfunctions.googleapis.com/v1/projects/hotserve-ca8ff/locations/us-central1/functions:generateUploadUrl {"uploadUrl":"https://storage.googleapis.com/uploads-424752669277.us-central1.cloudfunctions.appspot.com/70cfde56-523c-4bc0-bcd2-512dc2c3cd7a.zip?GoogleAccessId=service-319724132147@gcf-admin-robot.iam.gserviceaccount.com&Expires=1679859608&Signature=AnNr1oTajYM%2FHa58zxOfOxMTeTjI%2BoYR5K47qfltgGUZqffLfGy%2Bm3b4W1250yhdIDHX7vY%2F%2FBPufeSfU0S9k903pRnNkvU988xwtmYKAVci8xBFg2sYqcclGAObTzzfQk7EQy5i9GSQzSr67OjEHPCB%2FRcjAHn08b8cHT%2FlWtmi5P5Ta5qOVcIBvr8S4VoEqksbaEQgrVq%2FTmFEYEKhmoO%2BMP6UJ5On3HSb9T6e%2B6UlFz5Nlq%2FHCbsKpLajINaO2jMfeOvT92lrb18zyXZcj3M3%2BBvImmQrdX3DYS06jht2Gp2Nwf6974%2F%2BkM02TIE7tgA6UoVIrnS3SFylk0lPIw%3D%3D"}
[debug] [2023-03-26T19:10:08.872Z] >>> [apiv2][query] PUT https://storage.googleapis.com/uploads-424752669277.us-central1.cloudfunctions.appspot.com/70cfde56-523c-4bc0-bcd2-512dc2c3cd7a.zip GoogleAccessId=service-319724132147%40gcf-admin-robot.iam.gserviceaccount.com&Expires=1679859608&Signature=AnNr1oTajYM%2FHa58zxOfOxMTeTjI%2BoYR5K47qfltgGUZqffLfGy%2Bm3b4W1250yhdIDHX7vY%2F%2FBPufeSfU0S9k903pRnNkvU988xwtmYKAVci8xBFg2sYqcclGAObTzzfQk7EQy5i9GSQzSr67OjEHPCB%2FRcjAHn08b8cHT%2FlWtmi5P5Ta5qOVcIBvr8S4VoEqksbaEQgrVq%2FTmFEYEKhmoO%2BMP6UJ5On3HSb9T6e%2B6UlFz5Nlq%2FHCbsKpLajINaO2jMfeOvT92lrb18zyXZcj3M3%2BBvImmQrdX3DYS06jht2Gp2Nwf6974%2F%2BkM02TIE7tgA6UoVIrnS3SFylk0lPIw%3D%3D
[debug] [2023-03-26T19:10:08.872Z] >>> [apiv2][body] PUT https://storage.googleapis.com/uploads-424752669277.us-central1.cloudfunctions.appspot.com/70cfde56-523c-4bc0-bcd2-512dc2c3cd7a.zip [stream]
[debug] [2023-03-26T19:10:09.686Z] <<< [apiv2][status] PUT https://storage.googleapis.com/uploads-424752669277.us-central1.cloudfunctions.appspot.com/70cfde56-523c-4bc0-bcd2-512dc2c3cd7a.zip 200
[debug] [2023-03-26T19:10:09.686Z] <<< [apiv2][body] PUT https://storage.googleapis.com/uploads-424752669277.us-central1.cloudfunctions.appspot.com/70cfde56-523c-4bc0-bcd2-512dc2c3cd7a.zip [omitted]
[info] ✔  functions: functions folder uploaded successfully 
[info] i  functions: updating Node.js 16 function touch(us-central1)... 
[debug] [2023-03-26T19:10:09.693Z] >>> [apiv2][query] PATCH https://cloudfunctions.googleapis.com/v1/projects/hotserve-ca8ff/locations/us-central1/functions/touch updateMask=name%2CsourceUploadUrl%2CentryPoint%2Cruntime%2CdockerRegistry%2Clabels%2CeventTrigger.eventType%2CeventTrigger.resource%2CeventTrigger.failurePolicy%2CminInstances%2CmaxInstances%2CingressSettings%2CenvironmentVariables%2CserviceAccountEmail%2CavailableMemoryMb%2Ctimeout%2CvpcConnector%2CvpcConnectorEgressSettings%2CsourceToken
[debug] [2023-03-26T19:10:09.694Z] >>> [apiv2][body] PATCH https://cloudfunctions.googleapis.com/v1/projects/hotserve-ca8ff/locations/us-central1/functions/touch {"name":"projects/hotserve-ca8ff/locations/us-central1/functions/touch","sourceUploadUrl":"https://storage.googleapis.com/uploads-424752669277.us-central1.cloudfunctions.appspot.com/70cfde56-523c-4bc0-bcd2-512dc2c3cd7a.zip?GoogleAccessId=service-319724132147@gcf-admin-robot.iam.gserviceaccount.com&Expires=1679859608&Signature=AnNr1oTajYM%2FHa58zxOfOxMTeTjI%2BoYR5K47qfltgGUZqffLfGy%2Bm3b4W1250yhdIDHX7vY%2F%2FBPufeSfU0S9k903pRnNkvU988xwtmYKAVci8xBFg2sYqcclGAObTzzfQk7EQy5i9GSQzSr67OjEHPCB%2FRcjAHn08b8cHT%2FlWtmi5P5Ta5qOVcIBvr8S4VoEqksbaEQgrVq%2FTmFEYEKhmoO%2BMP6UJ5On3HSb9T6e%2B6UlFz5Nlq%2FHCbsKpLajINaO2jMfeOvT92lrb18zyXZcj3M3%2BBvImmQrdX3DYS06jht2Gp2Nwf6974%2F%2BkM02TIE7tgA6UoVIrnS3SFylk0lPIw%3D%3D","entryPoint":"touch","runtime":"nodejs16","dockerRegistry":"ARTIFACT_REGISTRY","labels":{"deployment-tool":"cli-firebase","firebase-functions-hash":"49a68ddebd8145caac2d2e6ba9d5bf32a133e6e4"},"eventTrigger":{"eventType":"providers/google.firebase.database/eventTypes/ref.write","resource":"projects/_/instances/hotserve-ca8ff-default-rtdb/refs/Temp"},"minInstances":null,"maxInstances":null,"ingressSettings":null,"environmentVariables":{"FIREBASE_CONFIG":"{\"projectId\":\"hotserve-ca8ff\",\"databaseURL\":\"https://hotserve-ca8ff-default-rtdb.firebaseio.com\",\"storageBucket\":\"hotserve-ca8ff.appspot.com\"}","GCLOUD_PROJECT":"hotserve-ca8ff","EVENTARC_CLOUD_EVENT_SOURCE":"projects/hotserve-ca8ff/locations/us-central1/functions/touch"},"serviceAccountEmail":null,"availableMemoryMb":null,"timeout":null,"vpcConnector":null,"vpcConnectorEgressSettings":null}
[debug] [2023-03-26T19:10:10.608Z] <<< [apiv2][status] PATCH https://cloudfunctions.googleapis.com/v1/projects/hotserve-ca8ff/locations/us-central1/functions/touch 200
[debug] [2023-03-26T19:10:10.608Z] <<< [apiv2][body] PATCH https://cloudfunctions.googleapis.com/v1/projects/hotserve-ca8ff/locations/us-central1/functions/touch {"name":"operations/aG90c2VydmUtY2E4ZmYvdXMtY2VudHJhbDEvdG91Y2gvSjJ6TmFYLWVCS2M","metadata":{"@type":"type.googleapis.com/google.cloud.functions.v1.OperationMetadataV1","target":"projects/hotserve-ca8ff/locations/us-central1/functions/touch","type":"UPDATE_FUNCTION","request":{"@type":"type.googleapis.com/google.cloud.functions.v1.CloudFunction","name":"projects/hotserve-ca8ff/locations/us-central1/functions/touch","eventTrigger":{"eventType":"providers/google.firebase.database/eventTypes/ref.write","resource":"projects/_/instances/hotserve-ca8ff-default-rtdb/refs/Temp","service":"firebaseio.com"},"status":"ACTIVE","entryPoint":"touch","updateTime":"2023-03-26T18:40:01.878Z","versionId":"17","labels":{"deployment-tool":"cli-firebase","firebase-functions-hash":"49a68ddebd8145caac2d2e6ba9d5bf32a133e6e4"},"sourceUploadUrl":"https://storage.googleapis.com/uploads-424752669277.us-central1.cloudfunctions.appspot.com/70cfde56-523c-4bc0-bcd2-512dc2c3cd7a.zip?GoogleAccessId=service-319724132147@gcf-admin-robot.iam.gserviceaccount.com&Expires=1679859608&Signature=AnNr1oTajYM%2FHa58zxOfOxMTeTjI%2BoYR5K47qfltgGUZqffLfGy%2Bm3b4W1250yhdIDHX7vY%2F%2FBPufeSfU0S9k903pRnNkvU988xwtmYKAVci8xBFg2sYqcclGAObTzzfQk7EQy5i9GSQzSr67OjEHPCB%2FRcjAHn08b8cHT%2FlWtmi5P5Ta5qOVcIBvr8S4VoEqksbaEQgrVq%2FTmFEYEKhmoO%2BMP6UJ5On3HSb9T6e%2B6UlFz5Nlq%2FHCbsKpLajINaO2jMfeOvT92lrb18zyXZcj3M3%2BBvImmQrdX3DYS06jht2Gp2Nwf6974%2F%2BkM02TIE7tgA6UoVIrnS3SFylk0lPIw%3D%3D","environmentVariables":{"FIREBASE_CONFIG":"{\"projectId\":\"hotserve-ca8ff\",\"databaseURL\":\"https://hotserve-ca8ff-default-rtdb.firebaseio.com\",\"storageBucket\":\"hotserve-ca8ff.appspot.com\"}","GCLOUD_PROJECT":"hotserve-ca8ff","EVENTARC_CLOUD_EVENT_SOURCE":"projects/hotserve-ca8ff/locations/us-central1/functions/touch"},"runtime":"nodejs16","buildId":"ad071f24-a0f9-4ec3-8d6d-e26ea445cb09","buildName":"projects/319724132147/locations/us-central1/builds/ad071f24-a0f9-4ec3-8d6d-e26ea445cb09","dockerRegistry":"ARTIFACT_REGISTRY"},"versionId":"19","updateTime":"2023-03-26T19:10:10Z"}}
[debug] [2023-03-26T19:10:10.609Z] >>> [apiv2][query] GET https://cloudfunctions.googleapis.com/v1/operations/aG90c2VydmUtY2E4ZmYvdXMtY2VudHJhbDEvdG91Y2gvSjJ6TmFYLWVCS2M [none]
[debug] [2023-03-26T19:10:11.223Z] <<< [apiv2][status] GET https://cloudfunctions.googleapis.com/v1/operations/aG90c2VydmUtY2E4ZmYvdXMtY2VudHJhbDEvdG91Y2gvSjJ6TmFYLWVCS2M 200
[debug] [2023-03-26T19:10:11.223Z] <<< [apiv2][body] GET https://cloudfunctions.googleapis.com/v1/operations/aG90c2VydmUtY2E4ZmYvdXMtY2VudHJhbDEvdG91Y2gvSjJ6TmFYLWVCS2M {"name":"operations/aG90c2VydmUtY2E4ZmYvdXMtY2VudHJhbDEvdG91Y2gvSjJ6TmFYLWVCS2M","metadata":{"@type":"type.googleapis.com/google.cloud.functions.v1.OperationMetadataV1","target":"projects/hotserve-ca8ff/locations/us-central1/functions/touch","type":"UPDATE_FUNCTION","request":{"@type":"type.googleapis.com/google.cloud.functions.v1.CloudFunction","name":"projects/hotserve-ca8ff/locations/us-central1/functions/touch","eventTrigger":{"eventType":"providers/google.firebase.database/eventTypes/ref.write","resource":"projects/_/instances/hotserve-ca8ff-default-rtdb/refs/Temp","service":"firebaseio.com"},"status":"ACTIVE","entryPoint":"touch","updateTime":"2023-03-26T18:40:01.878Z","versionId":"17","labels":{"deployment-tool":"cli-firebase","firebase-functions-hash":"49a68ddebd8145caac2d2e6ba9d5bf32a133e6e4"},"sourceUploadUrl":"https://storage.googleapis.com/uploads-424752669277.us-central1.cloudfunctions.appspot.com/70cfde56-523c-4bc0-bcd2-512dc2c3cd7a.zip?GoogleAccessId=service-319724132147@gcf-admin-robot.iam.gserviceaccount.com&Expires=1679859608&Signature=AnNr1oTajYM%2FHa58zxOfOxMTeTjI%2BoYR5K47qfltgGUZqffLfGy%2Bm3b4W1250yhdIDHX7vY%2F%2FBPufeSfU0S9k903pRnNkvU988xwtmYKAVci8xBFg2sYqcclGAObTzzfQk7EQy5i9GSQzSr67OjEHPCB%2FRcjAHn08b8cHT%2FlWtmi5P5Ta5qOVcIBvr8S4VoEqksbaEQgrVq%2FTmFEYEKhmoO%2BMP6UJ5On3HSb9T6e%2B6UlFz5Nlq%2FHCbsKpLajINaO2jMfeOvT92lrb18zyXZcj3M3%2BBvImmQrdX3DYS06jht2Gp2Nwf6974%2F%2BkM02TIE7tgA6UoVIrnS3SFylk0lPIw%3D%3D","environmentVariables":{"FIREBASE_CONFIG":"{\"projectId\":\"hotserve-ca8ff\",\"databaseURL\":\"https://hotserve-ca8ff-default-rtdb.firebaseio.com\",\"storageBucket\":\"hotserve-ca8ff.appspot.com\"}","GCLOUD_PROJECT":"hotserve-ca8ff","EVENTARC_CLOUD_EVENT_SOURCE":"projects/hotserve-ca8ff/locations/us-central1/functions/touch"},"runtime":"nodejs16","buildId":"ad071f24-a0f9-4ec3-8d6d-e26ea445cb09","buildName":"projects/319724132147/locations/us-central1/builds/ad071f24-a0f9-4ec3-8d6d-e26ea445cb09","dockerRegistry":"ARTIFACT_REGISTRY"},"versionId":"19","updateTime":"2023-03-26T19:10:10Z"}}
[debug] [2023-03-26T19:10:11.727Z] [update-default-us-central1-touch] Retrying task index 0
[debug] [2023-03-26T19:10:11.727Z] >>> [apiv2][query] GET https://cloudfunctions.googleapis.com/v1/operations/aG90c2VydmUtY2E4ZmYvdXMtY2VudHJhbDEvdG91Y2gvSjJ6TmFYLWVCS2M [none]
[debug] [2023-03-26T19:10:12.351Z] <<< [apiv2][status] GET https://cloudfunctions.googleapis.com/v1/operations/aG90c2VydmUtY2E4ZmYvdXMtY2VudHJhbDEvdG91Y2gvSjJ6TmFYLWVCS2M 200
[debug] [2023-03-26T19:10:12.352Z] <<< [apiv2][body] GET https://cloudfunctions.googleapis.com/v1/operations/aG90c2VydmUtY2E4ZmYvdXMtY2VudHJhbDEvdG91Y2gvSjJ6TmFYLWVCS2M {"name":"operations/aG90c2VydmUtY2E4ZmYvdXMtY2VudHJhbDEvdG91Y2gvSjJ6TmFYLWVCS2M","metadata":{"@type":"type.googleapis.com/google.cloud.functions.v1.OperationMetadataV1","target":"projects/hotserve-ca8ff/locations/us-central1/functions/touch","type":"UPDATE_FUNCTION","request":{"@type":"type.googleapis.com/google.cloud.functions.v1.CloudFunction","name":"projects/hotserve-ca8ff/locations/us-central1/functions/touch","eventTrigger":{"eventType":"providers/google.firebase.database/eventTypes/ref.write","resource":"projects/_/instances/hotserve-ca8ff-default-rtdb/refs/Temp","service":"firebaseio.com"},"status":"ACTIVE","entryPoint":"touch","updateTime":"2023-03-26T18:40:01.878Z","versionId":"17","labels":{"deployment-tool":"cli-firebase","firebase-functions-hash":"49a68ddebd8145caac2d2e6ba9d5bf32a133e6e4"},"sourceUploadUrl":"https://storage.googleapis.com/uploads-424752669277.us-central1.cloudfunctions.appspot.com/70cfde56-523c-4bc0-bcd2-512dc2c3cd7a.zip?GoogleAccessId=service-319724132147@gcf-admin-robot.iam.gserviceaccount.com&Expires=1679859608&Signature=AnNr1oTajYM%2FHa58zxOfOxMTeTjI%2BoYR5K47qfltgGUZqffLfGy%2Bm3b4W1250yhdIDHX7vY%2F%2FBPufeSfU0S9k903pRnNkvU988xwtmYKAVci8xBFg2sYqcclGAObTzzfQk7EQy5i9GSQzSr67OjEHPCB%2FRcjAHn08b8cHT%2FlWtmi5P5Ta5qOVcIBvr8S4VoEqksbaEQgrVq%2FTmFEYEKhmoO%2BMP6UJ5On3HSb9T6e%2B6UlFz5Nlq%2FHCbsKpLajINaO2jMfeOvT92lrb18zyXZcj3M3%2BBvImmQrdX3DYS06jht2Gp2Nwf6974%2F%2BkM02TIE7tgA6UoVIrnS3SFylk0lPIw%3D%3D","environmentVariables":{"FIREBASE_CONFIG":"{\"projectId\":\"hotserve-ca8ff\",\"databaseURL\":\"https://hotserve-ca8ff-default-rtdb.firebaseio.com\",\"storageBucket\":\"hotserve-ca8ff.appspot.com\"}","GCLOUD_PROJECT":"hotserve-ca8ff","EVENTARC_CLOUD_EVENT_SOURCE":"projects/hotserve-ca8ff/locations/us-central1/functions/touch"},"runtime":"nodejs16","buildId":"ad071f24-a0f9-4ec3-8d6d-e26ea445cb09","buildName":"projects/319724132147/locations/us-central1/builds/ad071f24-a0f9-4ec3-8d6d-e26ea445cb09","dockerRegistry":"ARTIFACT_REGISTRY"},"versionId":"19","updateTime":"2023-03-26T19:10:10Z","buildId":"5751c5ca-6359-48dd-8290-b7a10708f454","buildName":"projects/319724132147/locations/us-central1/builds/5751c5ca-6359-48dd-8290-b7a10708f454"}}
[debug] [2023-03-26T19:10:13.354Z] [update-default-us-central1-touch] Retrying task index 0
[debug] [2023-03-26T19:10:13.355Z] >>> [apiv2][query] GET https://cloudfunctions.googleapis.com/v1/operations/aG90c2VydmUtY2E4ZmYvdXMtY2VudHJhbDEvdG91Y2gvSjJ6TmFYLWVCS2M [none]
[debug] [2023-03-26T19:10:13.825Z] <<< [apiv2][status] GET https://cloudfunctions.googleapis.com/v1/operations/aG90c2VydmUtY2E4ZmYvdXMtY2VudHJhbDEvdG91Y2gvSjJ6TmFYLWVCS2M 200
[debug] [2023-03-26T19:10:13.826Z] <<< [apiv2][body] GET https://cloudfunctions.googleapis.com/v1/operations/aG90c2VydmUtY2E4ZmYvdXMtY2VudHJhbDEvdG91Y2gvSjJ6TmFYLWVCS2M {"name":"operations/aG90c2VydmUtY2E4ZmYvdXMtY2VudHJhbDEvdG91Y2gvSjJ6TmFYLWVCS2M","metadata":{"@type":"type.googleapis.com/google.cloud.functions.v1.OperationMetadataV1","target":"projects/hotserve-ca8ff/locations/us-central1/functions/touch","type":"UPDATE_FUNCTION","request":{"@type":"type.googleapis.com/google.cloud.functions.v1.CloudFunction","name":"projects/hotserve-ca8ff/locations/us-central1/functions/touch","eventTrigger":{"eventType":"providers/google.firebase.database/eventTypes/ref.write","resource":"projects/_/instances/hotserve-ca8ff-default-rtdb/refs/Temp","service":"firebaseio.com"},"status":"ACTIVE","entryPoint":"touch","updateTime":"2023-03-26T18:40:01.878Z","versionId":"17","labels":{"deployment-tool":"cli-firebase","firebase-functions-hash":"49a68ddebd8145caac2d2e6ba9d5bf32a133e6e4"},"sourceUploadUrl":"https://storage.googleapis.com/uploads-424752669277.us-central1.cloudfunctions.appspot.com/70cfde56-523c-4bc0-bcd2-512dc2c3cd7a.zip?GoogleAccessId=service-319724132147@gcf-admin-robot.iam.gserviceaccount.com&Expires=1679859608&Signature=AnNr1oTajYM%2FHa58zxOfOxMTeTjI%2BoYR5K47qfltgGUZqffLfGy%2Bm3b4W1250yhdIDHX7vY%2F%2FBPufeSfU0S9k903pRnNkvU988xwtmYKAVci8xBFg2sYqcclGAObTzzfQk7EQy5i9GSQzSr67OjEHPCB%2FRcjAHn08b8cHT%2FlWtmi5P5Ta5qOVcIBvr8S4VoEqksbaEQgrVq%2FTmFEYEKhmoO%2BMP6UJ5On3HSb9T6e%2B6UlFz5Nlq%2FHCbsKpLajINaO2jMfeOvT92lrb18zyXZcj3M3%2BBvImmQrdX3DYS06jht2Gp2Nwf6974%2F%2BkM02TIE7tgA6UoVIrnS3SFylk0lPIw%3D%3D","environmentVariables":{"FIREBASE_CONFIG":"{\"projectId\":\"hotserve-ca8ff\",\"databaseURL\":\"https://hotserve-ca8ff-default-rtdb.firebaseio.com\",\"storageBucket\":\"hotserve-ca8ff.appspot.com\"}","GCLOUD_PROJECT":"hotserve-ca8ff","EVENTARC_CLOUD_EVENT_SOURCE":"projects/hotserve-ca8ff/locations/us-central1/functions/touch"},"runtime":"nodejs16","buildId":"ad071f24-a0f9-4ec3-8d6d-e26ea445cb09","buildName":"projects/319724132147/locations/us-central1/builds/ad071f24-a0f9-4ec3-8d6d-e26ea445cb09","dockerRegistry":"ARTIFACT_REGISTRY"},"versionId":"19","updateTime":"2023-03-26T19:10:10Z","buildId":"5751c5ca-6359-48dd-8290-b7a10708f454","buildName":"projects/319724132147/locations/us-central1/builds/5751c5ca-6359-48dd-8290-b7a10708f454"}}
[debug] [2023-03-26T19:10:15.827Z] [update-default-us-central1-touch] Retrying task index 0
[debug] [2023-03-26T19:10:15.828Z] >>> [apiv2][query] GET https://cloudfunctions.googleapis.com/v1/operations/aG90c2VydmUtY2E4ZmYvdXMtY2VudHJhbDEvdG91Y2gvSjJ6TmFYLWVCS2M [none]
[debug] [2023-03-26T19:10:16.370Z] <<< [apiv2][status] GET https://cloudfunctions.googleapis.com/v1/operations/aG90c2VydmUtY2E4ZmYvdXMtY2VudHJhbDEvdG91Y2gvSjJ6TmFYLWVCS2M 200
[debug] [2023-03-26T19:10:16.370Z] <<< [apiv2][body] GET https://cloudfunctions.googleapis.com/v1/operations/aG90c2VydmUtY2E4ZmYvdXMtY2VudHJhbDEvdG91Y2gvSjJ6TmFYLWVCS2M {"name":"operations/aG90c2VydmUtY2E4ZmYvdXMtY2VudHJhbDEvdG91Y2gvSjJ6TmFYLWVCS2M","metadata":{"@type":"type.googleapis.com/google.cloud.functions.v1.OperationMetadataV1","target":"projects/hotserve-ca8ff/locations/us-central1/functions/touch","type":"UPDATE_FUNCTION","request":{"@type":"type.googleapis.com/google.cloud.functions.v1.CloudFunction","name":"projects/hotserve-ca8ff/locations/us-central1/functions/touch","eventTrigger":{"eventType":"providers/google.firebase.database/eventTypes/ref.write","resource":"projects/_/instances/hotserve-ca8ff-default-rtdb/refs/Temp","service":"firebaseio.com"},"status":"ACTIVE","entryPoint":"touch","updateTime":"2023-03-26T18:40:01.878Z","versionId":"17","labels":{"deployment-tool":"cli-firebase","firebase-functions-hash":"49a68ddebd8145caac2d2e6ba9d5bf32a133e6e4"},"sourceUploadUrl":"https://storage.googleapis.com/uploads-424752669277.us-central1.cloudfunctions.appspot.com/70cfde56-523c-4bc0-bcd2-512dc2c3cd7a.zip?GoogleAccessId=service-319724132147@gcf-admin-robot.iam.gserviceaccount.com&Expires=1679859608&Signature=AnNr1oTajYM%2FHa58zxOfOxMTeTjI%2BoYR5K47qfltgGUZqffLfGy%2Bm3b4W1250yhdIDHX7vY%2F%2FBPufeSfU0S9k903pRnNkvU988xwtmYKAVci8xBFg2sYqcclGAObTzzfQk7EQy5i9GSQzSr67OjEHPCB%2FRcjAHn08b8cHT%2FlWtmi5P5Ta5qOVcIBvr8S4VoEqksbaEQgrVq%2FTmFEYEKhmoO%2BMP6UJ5On3HSb9T6e%2B6UlFz5Nlq%2FHCbsKpLajINaO2jMfeOvT92lrb18zyXZcj3M3%2BBvImmQrdX3DYS06jht2Gp2Nwf6974%2F%2BkM02TIE7tgA6UoVIrnS3SFylk0lPIw%3D%3D","environmentVariables":{"FIREBASE_CONFIG":"{\"projectId\":\"hotserve-ca8ff\",\"databaseURL\":\"https://hotserve-ca8ff-default-rtdb.firebaseio.com\",\"storageBucket\":\"hotserve-ca8ff.appspot.com\"}","GCLOUD_PROJECT":"hotserve-ca8ff","EVENTARC_CLOUD_EVENT_SOURCE":"projects/hotserve-ca8ff/locations/us-central1/functions/touch"},"runtime":"nodejs16","buildId":"ad071f24-a0f9-4ec3-8d6d-e26ea445cb09","buildName":"projects/319724132147/locations/us-central1/builds/ad071f24-a0f9-4ec3-8d6d-e26ea445cb09","dockerRegistry":"ARTIFACT_REGISTRY"},"versionId":"19","updateTime":"2023-03-26T19:10:10Z","buildId":"5751c5ca-6359-48dd-8290-b7a10708f454","buildName":"projects/319724132147/locations/us-central1/builds/5751c5ca-6359-48dd-8290-b7a10708f454"}}
[debug] [2023-03-26T19:10:20.372Z] [update-default-us-central1-touch] Retrying task index 0
[debug] [2023-03-26T19:10:20.373Z] >>> [apiv2][query] GET https://cloudfunctions.googleapis.com/v1/operations/aG90c2VydmUtY2E4ZmYvdXMtY2VudHJhbDEvdG91Y2gvSjJ6TmFYLWVCS2M [none]
[debug] [2023-03-26T19:10:20.977Z] <<< [apiv2][status] GET https://cloudfunctions.googleapis.com/v1/operations/aG90c2VydmUtY2E4ZmYvdXMtY2VudHJhbDEvdG91Y2gvSjJ6TmFYLWVCS2M 200
[debug] [2023-03-26T19:10:20.977Z] <<< [apiv2][body] GET https://cloudfunctions.googleapis.com/v1/operations/aG90c2VydmUtY2E4ZmYvdXMtY2VudHJhbDEvdG91Y2gvSjJ6TmFYLWVCS2M {"name":"operations/aG90c2VydmUtY2E4ZmYvdXMtY2VudHJhbDEvdG91Y2gvSjJ6TmFYLWVCS2M","metadata":{"@type":"type.googleapis.com/google.cloud.functions.v1.OperationMetadataV1","target":"projects/hotserve-ca8ff/locations/us-central1/functions/touch","type":"UPDATE_FUNCTION","request":{"@type":"type.googleapis.com/google.cloud.functions.v1.CloudFunction","name":"projects/hotserve-ca8ff/locations/us-central1/functions/touch","eventTrigger":{"eventType":"providers/google.firebase.database/eventTypes/ref.write","resource":"projects/_/instances/hotserve-ca8ff-default-rtdb/refs/Temp","service":"firebaseio.com"},"status":"ACTIVE","entryPoint":"touch","updateTime":"2023-03-26T18:40:01.878Z","versionId":"17","labels":{"deployment-tool":"cli-firebase","firebase-functions-hash":"49a68ddebd8145caac2d2e6ba9d5bf32a133e6e4"},"sourceUploadUrl":"https://storage.googleapis.com/uploads-424752669277.us-central1.cloudfunctions.appspot.com/70cfde56-523c-4bc0-bcd2-512dc2c3cd7a.zip?GoogleAccessId=service-319724132147@gcf-admin-robot.iam.gserviceaccount.com&Expires=1679859608&Signature=AnNr1oTajYM%2FHa58zxOfOxMTeTjI%2BoYR5K47qfltgGUZqffLfGy%2Bm3b4W1250yhdIDHX7vY%2F%2FBPufeSfU0S9k903pRnNkvU988xwtmYKAVci8xBFg2sYqcclGAObTzzfQk7EQy5i9GSQzSr67OjEHPCB%2FRcjAHn08b8cHT%2FlWtmi5P5Ta5qOVcIBvr8S4VoEqksbaEQgrVq%2FTmFEYEKhmoO%2BMP6UJ5On3HSb9T6e%2B6UlFz5Nlq%2FHCbsKpLajINaO2jMfeOvT92lrb18zyXZcj3M3%2BBvImmQrdX3DYS06jht2Gp2Nwf6974%2F%2BkM02TIE7tgA6UoVIrnS3SFylk0lPIw%3D%3D","environmentVariables":{"FIREBASE_CONFIG":"{\"projectId\":\"hotserve-ca8ff\",\"databaseURL\":\"https://hotserve-ca8ff-default-rtdb.firebaseio.com\",\"storageBucket\":\"hotserve-ca8ff.appspot.com\"}","GCLOUD_PROJECT":"hotserve-ca8ff","EVENTARC_CLOUD_EVENT_SOURCE":"projects/hotserve-ca8ff/locations/us-central1/functions/touch"},"runtime":"nodejs16","buildId":"ad071f24-a0f9-4ec3-8d6d-e26ea445cb09","buildName":"projects/319724132147/locations/us-central1/builds/ad071f24-a0f9-4ec3-8d6d-e26ea445cb09","dockerRegistry":"ARTIFACT_REGISTRY"},"versionId":"19","updateTime":"2023-03-26T19:10:10Z","buildId":"5751c5ca-6359-48dd-8290-b7a10708f454","buildName":"projects/319724132147/locations/us-central1/builds/5751c5ca-6359-48dd-8290-b7a10708f454"}}
[debug] [2023-03-26T19:10:28.980Z] [update-default-us-central1-touch] Retrying task index 0
[debug] [2023-03-26T19:10:28.981Z] >>> [apiv2][query] GET https://cloudfunctions.googleapis.com/v1/operations/aG90c2VydmUtY2E4ZmYvdXMtY2VudHJhbDEvdG91Y2gvSjJ6TmFYLWVCS2M [none]
[debug] [2023-03-26T19:10:29.552Z] <<< [apiv2][status] GET https://cloudfunctions.googleapis.com/v1/operations/aG90c2VydmUtY2E4ZmYvdXMtY2VudHJhbDEvdG91Y2gvSjJ6TmFYLWVCS2M 200
[debug] [2023-03-26T19:10:29.552Z] <<< [apiv2][body] GET https://cloudfunctions.googleapis.com/v1/operations/aG90c2VydmUtY2E4ZmYvdXMtY2VudHJhbDEvdG91Y2gvSjJ6TmFYLWVCS2M {"name":"operations/aG90c2VydmUtY2E4ZmYvdXMtY2VudHJhbDEvdG91Y2gvSjJ6TmFYLWVCS2M","metadata":{"@type":"type.googleapis.com/google.cloud.functions.v1.OperationMetadataV1","target":"projects/hotserve-ca8ff/locations/us-central1/functions/touch","type":"UPDATE_FUNCTION","request":{"@type":"type.googleapis.com/google.cloud.functions.v1.CloudFunction","name":"projects/hotserve-ca8ff/locations/us-central1/functions/touch","eventTrigger":{"eventType":"providers/google.firebase.database/eventTypes/ref.write","resource":"projects/_/instances/hotserve-ca8ff-default-rtdb/refs/Temp","service":"firebaseio.com"},"status":"ACTIVE","entryPoint":"touch","updateTime":"2023-03-26T18:40:01.878Z","versionId":"17","labels":{"deployment-tool":"cli-firebase","firebase-functions-hash":"49a68ddebd8145caac2d2e6ba9d5bf32a133e6e4"},"sourceUploadUrl":"https://storage.googleapis.com/uploads-424752669277.us-central1.cloudfunctions.appspot.com/70cfde56-523c-4bc0-bcd2-512dc2c3cd7a.zip?GoogleAccessId=service-319724132147@gcf-admin-robot.iam.gserviceaccount.com&Expires=1679859608&Signature=AnNr1oTajYM%2FHa58zxOfOxMTeTjI%2BoYR5K47qfltgGUZqffLfGy%2Bm3b4W1250yhdIDHX7vY%2F%2FBPufeSfU0S9k903pRnNkvU988xwtmYKAVci8xBFg2sYqcclGAObTzzfQk7EQy5i9GSQzSr67OjEHPCB%2FRcjAHn08b8cHT%2FlWtmi5P5Ta5qOVcIBvr8S4VoEqksbaEQgrVq%2FTmFEYEKhmoO%2BMP6UJ5On3HSb9T6e%2B6UlFz5Nlq%2FHCbsKpLajINaO2jMfeOvT92lrb18zyXZcj3M3%2BBvImmQrdX3DYS06jht2Gp2Nwf6974%2F%2BkM02TIE7tgA6UoVIrnS3SFylk0lPIw%3D%3D","environmentVariables":{"FIREBASE_CONFIG":"{\"projectId\":\"hotserve-ca8ff\",\"databaseURL\":\"https://hotserve-ca8ff-default-rtdb.firebaseio.com\",\"storageBucket\":\"hotserve-ca8ff.appspot.com\"}","GCLOUD_PROJECT":"hotserve-ca8ff","EVENTARC_CLOUD_EVENT_SOURCE":"projects/hotserve-ca8ff/locations/us-central1/functions/touch"},"runtime":"nodejs16","buildId":"ad071f24-a0f9-4ec3-8d6d-e26ea445cb09","buildName":"projects/319724132147/locations/us-central1/builds/ad071f24-a0f9-4ec3-8d6d-e26ea445cb09","dockerRegistry":"ARTIFACT_REGISTRY"},"versionId":"19","updateTime":"2023-03-26T19:10:10Z","buildId":"5751c5ca-6359-48dd-8290-b7a10708f454","buildName":"projects/319724132147/locations/us-central1/builds/5751c5ca-6359-48dd-8290-b7a10708f454"}}
[debug] [2023-03-26T19:10:39.554Z] [update-default-us-central1-touch] Retrying task index 0
[debug] [2023-03-26T19:10:39.555Z] >>> [apiv2][query] GET https://cloudfunctions.googleapis.com/v1/operations/aG90c2VydmUtY2E4ZmYvdXMtY2VudHJhbDEvdG91Y2gvSjJ6TmFYLWVCS2M [none]
[debug] [2023-03-26T19:10:40.307Z] <<< [apiv2][status] GET https://cloudfunctions.googleapis.com/v1/operations/aG90c2VydmUtY2E4ZmYvdXMtY2VudHJhbDEvdG91Y2gvSjJ6TmFYLWVCS2M 200
[debug] [2023-03-26T19:10:40.308Z] <<< [apiv2][body] GET https://cloudfunctions.googleapis.com/v1/operations/aG90c2VydmUtY2E4ZmYvdXMtY2VudHJhbDEvdG91Y2gvSjJ6TmFYLWVCS2M {"name":"operations/aG90c2VydmUtY2E4ZmYvdXMtY2VudHJhbDEvdG91Y2gvSjJ6TmFYLWVCS2M","metadata":{"@type":"type.googleapis.com/google.cloud.functions.v1.OperationMetadataV1","target":"projects/hotserve-ca8ff/locations/us-central1/functions/touch","type":"UPDATE_FUNCTION","request":{"@type":"type.googleapis.com/google.cloud.functions.v1.CloudFunction","name":"projects/hotserve-ca8ff/locations/us-central1/functions/touch","eventTrigger":{"eventType":"providers/google.firebase.database/eventTypes/ref.write","resource":"projects/_/instances/hotserve-ca8ff-default-rtdb/refs/Temp","service":"firebaseio.com"},"status":"ACTIVE","entryPoint":"touch","updateTime":"2023-03-26T18:40:01.878Z","versionId":"17","labels":{"deployment-tool":"cli-firebase","firebase-functions-hash":"49a68ddebd8145caac2d2e6ba9d5bf32a133e6e4"},"sourceUploadUrl":"https://storage.googleapis.com/uploads-424752669277.us-central1.cloudfunctions.appspot.com/70cfde56-523c-4bc0-bcd2-512dc2c3cd7a.zip?GoogleAccessId=service-319724132147@gcf-admin-robot.iam.gserviceaccount.com&Expires=1679859608&Signature=AnNr1oTajYM%2FHa58zxOfOxMTeTjI%2BoYR5K47qfltgGUZqffLfGy%2Bm3b4W1250yhdIDHX7vY%2F%2FBPufeSfU0S9k903pRnNkvU988xwtmYKAVci8xBFg2sYqcclGAObTzzfQk7EQy5i9GSQzSr67OjEHPCB%2FRcjAHn08b8cHT%2FlWtmi5P5Ta5qOVcIBvr8S4VoEqksbaEQgrVq%2FTmFEYEKhmoO%2BMP6UJ5On3HSb9T6e%2B6UlFz5Nlq%2FHCbsKpLajINaO2jMfeOvT92lrb18zyXZcj3M3%2BBvImmQrdX3DYS06jht2Gp2Nwf6974%2F%2BkM02TIE7tgA6UoVIrnS3SFylk0lPIw%3D%3D","environmentVariables":{"FIREBASE_CONFIG":"{\"projectId\":\"hotserve-ca8ff\",\"databaseURL\":\"https://hotserve-ca8ff-default-rtdb.firebaseio.com\",\"storageBucket\":\"hotserve-ca8ff.appspot.com\"}","GCLOUD_PROJECT":"hotserve-ca8ff","EVENTARC_CLOUD_EVENT_SOURCE":"projects/hotserve-ca8ff/locations/us-central1/functions/touch"},"runtime":"nodejs16","buildId":"ad071f24-a0f9-4ec3-8d6d-e26ea445cb09","buildName":"projects/319724132147/locations/us-central1/builds/ad071f24-a0f9-4ec3-8d6d-e26ea445cb09","dockerRegistry":"ARTIFACT_REGISTRY"},"versionId":"19","updateTime":"2023-03-26T19:10:10Z","buildId":"5751c5ca-6359-48dd-8290-b7a10708f454","buildName":"projects/319724132147/locations/us-central1/builds/5751c5ca-6359-48dd-8290-b7a10708f454"}}
[debug] [2023-03-26T19:10:50.310Z] [update-default-us-central1-touch] Retrying task index 0
[debug] [2023-03-26T19:10:50.311Z] >>> [apiv2][query] GET https://cloudfunctions.googleapis.com/v1/operations/aG90c2VydmUtY2E4ZmYvdXMtY2VudHJhbDEvdG91Y2gvSjJ6TmFYLWVCS2M [none]
[debug] [2023-03-26T19:10:50.880Z] <<< [apiv2][status] GET https://cloudfunctions.googleapis.com/v1/operations/aG90c2VydmUtY2E4ZmYvdXMtY2VudHJhbDEvdG91Y2gvSjJ6TmFYLWVCS2M 200
[debug] [2023-03-26T19:10:50.881Z] <<< [apiv2][body] GET https://cloudfunctions.googleapis.com/v1/operations/aG90c2VydmUtY2E4ZmYvdXMtY2VudHJhbDEvdG91Y2gvSjJ6TmFYLWVCS2M {"name":"operations/aG90c2VydmUtY2E4ZmYvdXMtY2VudHJhbDEvdG91Y2gvSjJ6TmFYLWVCS2M","metadata":{"@type":"type.googleapis.com/google.cloud.functions.v1.OperationMetadataV1","target":"projects/hotserve-ca8ff/locations/us-central1/functions/touch","type":"UPDATE_FUNCTION","request":{"@type":"type.googleapis.com/google.cloud.functions.v1.CloudFunction","name":"projects/hotserve-ca8ff/locations/us-central1/functions/touch","eventTrigger":{"eventType":"providers/google.firebase.database/eventTypes/ref.write","resource":"projects/_/instances/hotserve-ca8ff-default-rtdb/refs/Temp","service":"firebaseio.com"},"status":"ACTIVE","entryPoint":"touch","updateTime":"2023-03-26T18:40:01.878Z","versionId":"17","labels":{"deployment-tool":"cli-firebase","firebase-functions-hash":"49a68ddebd8145caac2d2e6ba9d5bf32a133e6e4"},"sourceUploadUrl":"https://storage.googleapis.com/uploads-424752669277.us-central1.cloudfunctions.appspot.com/70cfde56-523c-4bc0-bcd2-512dc2c3cd7a.zip?GoogleAccessId=service-319724132147@gcf-admin-robot.iam.gserviceaccount.com&Expires=1679859608&Signature=AnNr1oTajYM%2FHa58zxOfOxMTeTjI%2BoYR5K47qfltgGUZqffLfGy%2Bm3b4W1250yhdIDHX7vY%2F%2FBPufeSfU0S9k903pRnNkvU988xwtmYKAVci8xBFg2sYqcclGAObTzzfQk7EQy5i9GSQzSr67OjEHPCB%2FRcjAHn08b8cHT%2FlWtmi5P5Ta5qOVcIBvr8S4VoEqksbaEQgrVq%2FTmFEYEKhmoO%2BMP6UJ5On3HSb9T6e%2B6UlFz5Nlq%2FHCbsKpLajINaO2jMfeOvT92lrb18zyXZcj3M3%2BBvImmQrdX3DYS06jht2Gp2Nwf6974%2F%2BkM02TIE7tgA6UoVIrnS3SFylk0lPIw%3D%3D","environmentVariables":{"FIREBASE_CONFIG":"{\"projectId\":\"hotserve-ca8ff\",\"databaseURL\":\"https://hotserve-ca8ff-default-rtdb.firebaseio.com\",\"storageBucket\":\"hotserve-ca8ff.appspot.com\"}","GCLOUD_PROJECT":"hotserve-ca8ff","EVENTARC_CLOUD_EVENT_SOURCE":"projects/hotserve-ca8ff/locations/us-central1/functions/touch"},"runtime":"nodejs16","buildId":"ad071f24-a0f9-4ec3-8d6d-e26ea445cb09","buildName":"projects/319724132147/locations/us-central1/builds/ad071f24-a0f9-4ec3-8d6d-e26ea445cb09","dockerRegistry":"ARTIFACT_REGISTRY"},"versionId":"19","updateTime":"2023-03-26T19:10:10Z","buildId":"5751c5ca-6359-48dd-8290-b7a10708f454","buildName":"projects/319724132147/locations/us-central1/builds/5751c5ca-6359-48dd-8290-b7a10708f454"}}
[debug] [2023-03-26T19:11:00.882Z] [update-default-us-central1-touch] Retrying task index 0
[debug] [2023-03-26T19:11:00.884Z] >>> [apiv2][query] GET https://cloudfunctions.googleapis.com/v1/operations/aG90c2VydmUtY2E4ZmYvdXMtY2VudHJhbDEvdG91Y2gvSjJ6TmFYLWVCS2M [none]
[debug] [2023-03-26T19:11:01.499Z] <<< [apiv2][status] GET https://cloudfunctions.googleapis.com/v1/operations/aG90c2VydmUtY2E4ZmYvdXMtY2VudHJhbDEvdG91Y2gvSjJ6TmFYLWVCS2M 200
[debug] [2023-03-26T19:11:01.499Z] <<< [apiv2][body] GET https://cloudfunctions.googleapis.com/v1/operations/aG90c2VydmUtY2E4ZmYvdXMtY2VudHJhbDEvdG91Y2gvSjJ6TmFYLWVCS2M {"name":"operations/aG90c2VydmUtY2E4ZmYvdXMtY2VudHJhbDEvdG91Y2gvSjJ6TmFYLWVCS2M","metadata":{"@type":"type.googleapis.com/google.cloud.functions.v1.OperationMetadataV1","target":"projects/hotserve-ca8ff/locations/us-central1/functions/touch","type":"UPDATE_FUNCTION","request":{"@type":"type.googleapis.com/google.cloud.functions.v1.CloudFunction","name":"projects/hotserve-ca8ff/locations/us-central1/functions/touch","eventTrigger":{"eventType":"providers/google.firebase.database/eventTypes/ref.write","resource":"projects/_/instances/hotserve-ca8ff-default-rtdb/refs/Temp","service":"firebaseio.com"},"status":"ACTIVE","entryPoint":"touch","updateTime":"2023-03-26T18:40:01.878Z","versionId":"17","labels":{"deployment-tool":"cli-firebase","firebase-functions-hash":"49a68ddebd8145caac2d2e6ba9d5bf32a133e6e4"},"sourceUploadUrl":"https://storage.googleapis.com/uploads-424752669277.us-central1.cloudfunctions.appspot.com/70cfde56-523c-4bc0-bcd2-512dc2c3cd7a.zip?GoogleAccessId=service-319724132147@gcf-admin-robot.iam.gserviceaccount.com&Expires=1679859608&Signature=AnNr1oTajYM%2FHa58zxOfOxMTeTjI%2BoYR5K47qfltgGUZqffLfGy%2Bm3b4W1250yhdIDHX7vY%2F%2FBPufeSfU0S9k903pRnNkvU988xwtmYKAVci8xBFg2sYqcclGAObTzzfQk7EQy5i9GSQzSr67OjEHPCB%2FRcjAHn08b8cHT%2FlWtmi5P5Ta5qOVcIBvr8S4VoEqksbaEQgrVq%2FTmFEYEKhmoO%2BMP6UJ5On3HSb9T6e%2B6UlFz5Nlq%2FHCbsKpLajINaO2jMfeOvT92lrb18zyXZcj3M3%2BBvImmQrdX3DYS06jht2Gp2Nwf6974%2F%2BkM02TIE7tgA6UoVIrnS3SFylk0lPIw%3D%3D","environmentVariables":{"FIREBASE_CONFIG":"{\"projectId\":\"hotserve-ca8ff\",\"databaseURL\":\"https://hotserve-ca8ff-default-rtdb.firebaseio.com\",\"storageBucket\":\"hotserve-ca8ff.appspot.com\"}","GCLOUD_PROJECT":"hotserve-ca8ff","EVENTARC_CLOUD_EVENT_SOURCE":"projects/hotserve-ca8ff/locations/us-central1/functions/touch"},"runtime":"nodejs16","buildId":"ad071f24-a0f9-4ec3-8d6d-e26ea445cb09","buildName":"projects/319724132147/locations/us-central1/builds/ad071f24-a0f9-4ec3-8d6d-e26ea445cb09","dockerRegistry":"ARTIFACT_REGISTRY"},"versionId":"19","updateTime":"2023-03-26T19:10:10Z","buildId":"5751c5ca-6359-48dd-8290-b7a10708f454","buildName":"projects/319724132147/locations/us-central1/builds/5751c5ca-6359-48dd-8290-b7a10708f454"}}
[debug] [2023-03-26T19:11:11.501Z] [update-default-us-central1-touch] Retrying task index 0
[debug] [2023-03-26T19:11:11.502Z] >>> [apiv2][query] GET https://cloudfunctions.googleapis.com/v1/operations/aG90c2VydmUtY2E4ZmYvdXMtY2VudHJhbDEvdG91Y2gvSjJ6TmFYLWVCS2M [none]
[debug] [2023-03-26T19:11:12.062Z] <<< [apiv2][status] GET https://cloudfunctions.googleapis.com/v1/operations/aG90c2VydmUtY2E4ZmYvdXMtY2VudHJhbDEvdG91Y2gvSjJ6TmFYLWVCS2M 200
[debug] [2023-03-26T19:11:12.062Z] <<< [apiv2][body] GET https://cloudfunctions.googleapis.com/v1/operations/aG90c2VydmUtY2E4ZmYvdXMtY2VudHJhbDEvdG91Y2gvSjJ6TmFYLWVCS2M {"name":"operations/aG90c2VydmUtY2E4ZmYvdXMtY2VudHJhbDEvdG91Y2gvSjJ6TmFYLWVCS2M","metadata":{"@type":"type.googleapis.com/google.cloud.functions.v1.OperationMetadataV1","target":"projects/hotserve-ca8ff/locations/us-central1/functions/touch","type":"UPDATE_FUNCTION","request":{"@type":"type.googleapis.com/google.cloud.functions.v1.CloudFunction","name":"projects/hotserve-ca8ff/locations/us-central1/functions/touch","eventTrigger":{"eventType":"providers/google.firebase.database/eventTypes/ref.write","resource":"projects/_/instances/hotserve-ca8ff-default-rtdb/refs/Temp","service":"firebaseio.com"},"status":"ACTIVE","entryPoint":"touch","updateTime":"2023-03-26T18:40:01.878Z","versionId":"17","labels":{"deployment-tool":"cli-firebase","firebase-functions-hash":"49a68ddebd8145caac2d2e6ba9d5bf32a133e6e4"},"sourceUploadUrl":"https://storage.googleapis.com/uploads-424752669277.us-central1.cloudfunctions.appspot.com/70cfde56-523c-4bc0-bcd2-512dc2c3cd7a.zip?GoogleAccessId=service-319724132147@gcf-admin-robot.iam.gserviceaccount.com&Expires=1679859608&Signature=AnNr1oTajYM%2FHa58zxOfOxMTeTjI%2BoYR5K47qfltgGUZqffLfGy%2Bm3b4W1250yhdIDHX7vY%2F%2FBPufeSfU0S9k903pRnNkvU988xwtmYKAVci8xBFg2sYqcclGAObTzzfQk7EQy5i9GSQzSr67OjEHPCB%2FRcjAHn08b8cHT%2FlWtmi5P5Ta5qOVcIBvr8S4VoEqksbaEQgrVq%2FTmFEYEKhmoO%2BMP6UJ5On3HSb9T6e%2B6UlFz5Nlq%2FHCbsKpLajINaO2jMfeOvT92lrb18zyXZcj3M3%2BBvImmQrdX3DYS06jht2Gp2Nwf6974%2F%2BkM02TIE7tgA6UoVIrnS3SFylk0lPIw%3D%3D","environmentVariables":{"FIREBASE_CONFIG":"{\"projectId\":\"hotserve-ca8ff\",\"databaseURL\":\"https://hotserve-ca8ff-default-rtdb.firebaseio.com\",\"storageBucket\":\"hotserve-ca8ff.appspot.com\"}","GCLOUD_PROJECT":"hotserve-ca8ff","EVENTARC_CLOUD_EVENT_SOURCE":"projects/hotserve-ca8ff/locations/us-central1/functions/touch"},"runtime":"nodejs16","buildId":"ad071f24-a0f9-4ec3-8d6d-e26ea445cb09","buildName":"projects/319724132147/locations/us-central1/builds/ad071f24-a0f9-4ec3-8d6d-e26ea445cb09","dockerRegistry":"ARTIFACT_REGISTRY"},"versionId":"19","updateTime":"2023-03-26T19:10:10Z","buildId":"5751c5ca-6359-48dd-8290-b7a10708f454","sourceToken":"aaf7904c-952b-40fa-9a95-0c3f1f7e0e59","buildName":"projects/319724132147/locations/us-central1/builds/5751c5ca-6359-48dd-8290-b7a10708f454"}}
[debug] [2023-03-26T19:11:12.063Z] Got source token aaf7904c-952b-40fa-9a95-0c3f1f7e0e59 for region us-central1
[debug] [2023-03-26T19:11:22.065Z] [update-default-us-central1-touch] Retrying task index 0
[debug] [2023-03-26T19:11:22.066Z] >>> [apiv2][query] GET https://cloudfunctions.googleapis.com/v1/operations/aG90c2VydmUtY2E4ZmYvdXMtY2VudHJhbDEvdG91Y2gvSjJ6TmFYLWVCS2M [none]
[debug] [2023-03-26T19:11:22.634Z] <<< [apiv2][status] GET https://cloudfunctions.googleapis.com/v1/operations/aG90c2VydmUtY2E4ZmYvdXMtY2VudHJhbDEvdG91Y2gvSjJ6TmFYLWVCS2M 200
[debug] [2023-03-26T19:11:22.634Z] <<< [apiv2][body] GET https://cloudfunctions.googleapis.com/v1/operations/aG90c2VydmUtY2E4ZmYvdXMtY2VudHJhbDEvdG91Y2gvSjJ6TmFYLWVCS2M {"name":"operations/aG90c2VydmUtY2E4ZmYvdXMtY2VudHJhbDEvdG91Y2gvSjJ6TmFYLWVCS2M","metadata":{"@type":"type.googleapis.com/google.cloud.functions.v1.OperationMetadataV1","target":"projects/hotserve-ca8ff/locations/us-central1/functions/touch","type":"UPDATE_FUNCTION","request":{"@type":"type.googleapis.com/google.cloud.functions.v1.CloudFunction","name":"projects/hotserve-ca8ff/locations/us-central1/functions/touch","eventTrigger":{"eventType":"providers/google.firebase.database/eventTypes/ref.write","resource":"projects/_/instances/hotserve-ca8ff-default-rtdb/refs/Temp","service":"firebaseio.com"},"status":"ACTIVE","entryPoint":"touch","updateTime":"2023-03-26T18:40:01.878Z","versionId":"17","labels":{"deployment-tool":"cli-firebase","firebase-functions-hash":"49a68ddebd8145caac2d2e6ba9d5bf32a133e6e4"},"sourceUploadUrl":"https://storage.googleapis.com/uploads-424752669277.us-central1.cloudfunctions.appspot.com/70cfde56-523c-4bc0-bcd2-512dc2c3cd7a.zip?GoogleAccessId=service-319724132147@gcf-admin-robot.iam.gserviceaccount.com&Expires=1679859608&Signature=AnNr1oTajYM%2FHa58zxOfOxMTeTjI%2BoYR5K47qfltgGUZqffLfGy%2Bm3b4W1250yhdIDHX7vY%2F%2FBPufeSfU0S9k903pRnNkvU988xwtmYKAVci8xBFg2sYqcclGAObTzzfQk7EQy5i9GSQzSr67OjEHPCB%2FRcjAHn08b8cHT%2FlWtmi5P5Ta5qOVcIBvr8S4VoEqksbaEQgrVq%2FTmFEYEKhmoO%2BMP6UJ5On3HSb9T6e%2B6UlFz5Nlq%2FHCbsKpLajINaO2jMfeOvT92lrb18zyXZcj3M3%2BBvImmQrdX3DYS06jht2Gp2Nwf6974%2F%2BkM02TIE7tgA6UoVIrnS3SFylk0lPIw%3D%3D","environmentVariables":{"FIREBASE_CONFIG":"{\"projectId\":\"hotserve-ca8ff\",\"databaseURL\":\"https://hotserve-ca8ff-default-rtdb.firebaseio.com\",\"storageBucket\":\"hotserve-ca8ff.appspot.com\"}","GCLOUD_PROJECT":"hotserve-ca8ff","EVENTARC_CLOUD_EVENT_SOURCE":"projects/hotserve-ca8ff/locations/us-central1/functions/touch"},"runtime":"nodejs16","buildId":"ad071f24-a0f9-4ec3-8d6d-e26ea445cb09","buildName":"projects/319724132147/locations/us-central1/builds/ad071f24-a0f9-4ec3-8d6d-e26ea445cb09","dockerRegistry":"ARTIFACT_REGISTRY"},"versionId":"19","updateTime":"2023-03-26T19:11:14Z","buildId":"5751c5ca-6359-48dd-8290-b7a10708f454","sourceToken":"aaf7904c-952b-40fa-9a95-0c3f1f7e0e59","buildName":"projects/319724132147/locations/us-central1/builds/5751c5ca-6359-48dd-8290-b7a10708f454"},"done":true,"error":{"code":3,"message":"Function failed on loading user code. This is likely due to a bug in the user code. Error message: Error: please examine your function logs to see the error cause: https://cloud.google.com/functions/docs/monitoring/logging#viewing_logs. Additional troubleshooting documentation can be found at https://cloud.google.com/functions/docs/troubleshooting#logging. Please visit https://cloud.google.com/functions/docs/troubleshooting for in-depth troubleshooting documentation."}}
[debug] [2023-03-26T19:11:22.635Z] Got source token aaf7904c-952b-40fa-9a95-0c3f1f7e0e59 for region us-central1
[error] Function failed on loading user code. This is likely due to a bug in the user code. Error message: Error: please examine your function logs to see the error cause: https://cloud.google.com/functions/docs/monitoring/logging#viewing_logs. Additional troubleshooting documentation can be found at https://cloud.google.com/functions/docs/troubleshooting#logging. Please visit https://cloud.google.com/functions/docs/troubleshooting for in-depth troubleshooting documentation.
[debug] [2023-03-26T19:11:22.638Z] Total Function Deployment time: 72948
[debug] [2023-03-26T19:11:22.638Z] 1 Functions Deployed
[debug] [2023-03-26T19:11:22.638Z] 1 Functions Errored
[debug] [2023-03-26T19:11:22.638Z] 0 Function Deployments Aborted
[debug] [2023-03-26T19:11:22.638Z] Average Function Deployment time: 72947
[info] 
[info] Functions deploy had errors with the following functions:
	touch(us-central1)
[info] i  functions: cleaning up build files... 
[debug] [2023-03-26T19:11:22.641Z] >>> [apiv2][query] DELETE https://artifactregistry.googleapis.com/v1beta2/projects/hotserve-ca8ff/locations/us-central1/repositories/gcf-artifacts/packages/touch [none]
[debug] [2023-03-26T19:11:22.642Z] >>> [apiv2][query] GET https://us.gcr.io/v2/hotserve-ca8ff/gcf/us-central1/tags/list [none]
[debug] [2023-03-26T19:11:23.285Z] <<< [apiv2][status] GET https://us.gcr.io/v2/hotserve-ca8ff/gcf/us-central1/tags/list 200
[debug] [2023-03-26T19:11:23.285Z] <<< [apiv2][body] GET https://us.gcr.io/v2/hotserve-ca8ff/gcf/us-central1/tags/list {"child":[],"manifest":{},"name":"hotserve-ca8ff/gcf/us-central1","tags":[]}
[debug] [2023-03-26T19:11:23.285Z] Could not find image for function projects/hotserve-ca8ff/locations/us-central1/functions/touch
[debug] [2023-03-26T19:11:23.825Z] <<< [apiv2][status] DELETE https://artifactregistry.googleapis.com/v1beta2/projects/hotserve-ca8ff/locations/us-central1/repositories/gcf-artifacts/packages/touch 200
[debug] [2023-03-26T19:11:23.825Z] <<< [apiv2][body] DELETE https://artifactregistry.googleapis.com/v1beta2/projects/hotserve-ca8ff/locations/us-central1/repositories/gcf-artifacts/packages/touch {"name":"projects/hotserve-ca8ff/locations/us-central1/operations/e12090c2-f09a-423a-9491-3a604bbee542","metadata":{"@type":"type.googleapis.com/google.devtools.artifactregistry.v1beta2.OperationMetadata"}}
[debug] [2023-03-26T19:11:23.826Z] >>> [apiv2][query] GET https://artifactregistry.googleapis.com/v1beta2/projects/hotserve-ca8ff/locations/us-central1/operations/e12090c2-f09a-423a-9491-3a604bbee542 [none]
[debug] [2023-03-26T19:11:24.951Z] <<< [apiv2][status] GET https://artifactregistry.googleapis.com/v1beta2/projects/hotserve-ca8ff/locations/us-central1/operations/e12090c2-f09a-423a-9491-3a604bbee542 200
[debug] [2023-03-26T19:11:24.952Z] <<< [apiv2][body] GET https://artifactregistry.googleapis.com/v1beta2/projects/hotserve-ca8ff/locations/us-central1/operations/e12090c2-f09a-423a-9491-3a604bbee542 {"name":"projects/hotserve-ca8ff/locations/us-central1/operations/e12090c2-f09a-423a-9491-3a604bbee542","metadata":{"@type":"type.googleapis.com/google.devtools.artifactregistry.v1beta2.OperationMetadata"},"done":true,"response":{"@type":"type.googleapis.com/google.protobuf.Empty"}}
[debug] [2023-03-26T19:11:24.952Z] Functions deploy failed.
[debug] [2023-03-26T19:11:24.952Z] {
  "endpoint": {
    "id": "touch",
    "project": "hotserve-ca8ff",
    "region": "us-central1",
    "entryPoint": "touch",
    "platform": "gcfv1",
    "runtime": "nodejs16",
    "eventTrigger": {
      "eventType": "providers/google.firebase.database/eventTypes/ref.write",
      "retry": false,
      "eventFilters": {
        "resource": "projects/_/instances/hotserve-ca8ff-default-rtdb/refs/Temp"
      }
    },
    "labels": {
      "deployment-tool": "cli-firebase"
    },
    "serviceAccount": null,
    "ingressSettings": null,
    "availableMemoryMb": null,
    "timeoutSeconds": null,
    "maxInstances": null,
    "minInstances": null,
    "vpc": null,
    "environmentVariables": {
      "FIREBASE_CONFIG": "{\"projectId\":\"hotserve-ca8ff\",\"databaseURL\":\"https://hotserve-ca8ff-default-rtdb.firebaseio.com\",\"storageBucket\":\"hotserve-ca8ff.appspot.com\"}",
      "GCLOUD_PROJECT": "hotserve-ca8ff",
      "EVENTARC_CLOUD_EVENT_SOURCE": "projects/hotserve-ca8ff/locations/us-central1/functions/touch"
    },
    "codebase": "default",
    "securityLevel": "SECURE_ALWAYS",
    "targetedByOnly": false,
    "hash": "49a68ddebd8145caac2d2e6ba9d5bf32a133e6e4"
  },
  "op": "update",
  "original": {
    "name": "FirebaseError",
    "children": [],
    "exit": 1,
    "message": "Function failed on loading user code. This is likely due to a bug in the user code. Error message: Error: please examine your function logs to see the error cause: https://cloud.google.com/functions/docs/monitoring/logging#viewing_logs. Additional troubleshooting documentation can be found at https://cloud.google.com/functions/docs/troubleshooting#logging. Please visit https://cloud.google.com/functions/docs/troubleshooting for in-depth troubleshooting documentation.",
    "status": 3
  }
}
[debug] [2023-03-26T19:11:24.954Z] Error: Failed to update function touch in region us-central1
    at /usr/local/lib/node_modules/firebase-tools/lib/deploy/functions/release/fabricator.js:48:11
    at processTicksAndRejections (node:internal/process/task_queues:96:5)
    at async Fabricator.updateV1Function (/usr/local/lib/node_modules/firebase-tools/lib/deploy/functions/release/fabricator.js:323:32)
    at async Fabricator.updateEndpoint (/usr/local/lib/node_modules/firebase-tools/lib/deploy/functions/release/fabricator.js:147:13)
    at async handle (/usr/local/lib/node_modules/firebase-tools/lib/deploy/functions/release/fabricator.js:85:17)
[error] 
[error] Error: There was an error deploying functions
